2020-05-01 14:31:35.647 [main] ERROR org.springframework.boot.SpringApplication - Application run failed
java.lang.IllegalStateException: java.lang.IllegalStateException: Logback configuration error detected: 
ERROR in ch.qos.logback.core.joran.action.NestedComplexPropertyIA - Could not create component [dataSource] of type [org.apache.commons.dbcp.BasicDataSource] java.lang.ClassNotFoundException: org.apache.commons.dbcp.BasicDataSource
ERROR in ch.qos.logback.core.joran.spi.Interpreter@60:34 - no applicable action for [driverClassName], current ElementPath  is [[configuration][appender][connectionSource][dataSource][driverClassName]]
ERROR in ch.qos.logback.core.joran.spi.Interpreter@61:22 - no applicable action for [url], current ElementPath  is [[configuration][appender][connectionSource][dataSource][url]]
ERROR in ch.qos.logback.core.joran.spi.Interpreter@62:27 - no applicable action for [username], current ElementPath  is [[configuration][appender][connectionSource][dataSource][username]]
ERROR in ch.qos.logback.core.joran.spi.Interpreter@66:16 - RuntimeException in Action for tag [appender] java.lang.IllegalStateException: DBAppender cannot function if the JDBC driver does not support getGeneratedKeys method *and* without a specific SQL dialect
ERROR in ch.qos.logback.core.joran.action.NestedComplexPropertyIA - Could not create component [dataSource] of type [org.apache.commons.dbcp.BasicDataSource] java.lang.ClassNotFoundException: org.apache.commons.dbcp.BasicDataSource
ERROR in ch.qos.logback.core.joran.spi.Interpreter@60:34 - no applicable action for [driverClassName], current ElementPath  is [[configuration][appender][connectionSource][dataSource][driverClassName]]
ERROR in ch.qos.logback.core.joran.spi.Interpreter@61:22 - no applicable action for [url], current ElementPath  is [[configuration][appender][connectionSource][dataSource][url]]
ERROR in ch.qos.logback.core.joran.spi.Interpreter@62:27 - no applicable action for [username], current ElementPath  is [[configuration][appender][connectionSource][dataSource][username]]
ERROR in ch.qos.logback.core.joran.spi.Interpreter@66:16 - RuntimeException in Action for tag [appender] java.lang.IllegalStateException: DBAppender cannot function if the JDBC driver does not support getGeneratedKeys method *and* without a specific SQL dialect
	at org.springframework.boot.context.logging.LoggingApplicationListener.initializeSystem(LoggingApplicationListener.java:324)
	at org.springframework.boot.context.logging.LoggingApplicationListener.initialize(LoggingApplicationListener.java:288)
	at org.springframework.boot.context.logging.LoggingApplicationListener.onApplicationEnvironmentPreparedEvent(LoggingApplicationListener.java:246)
	at org.springframework.boot.context.logging.LoggingApplicationListener.onApplicationEvent(LoggingApplicationListener.java:223)
	at org.springframework.context.event.SimpleApplicationEventMulticaster.doInvokeListener(SimpleApplicationEventMulticaster.java:172)
	at org.springframework.context.event.SimpleApplicationEventMulticaster.invokeListener(SimpleApplicationEventMulticaster.java:165)
	at org.springframework.context.event.SimpleApplicationEventMulticaster.multicastEvent(SimpleApplicationEventMulticaster.java:139)
	at org.springframework.context.event.SimpleApplicationEventMulticaster.multicastEvent(SimpleApplicationEventMulticaster.java:127)
	at org.springframework.boot.context.event.EventPublishingRunListener.environmentPrepared(EventPublishingRunListener.java:76)
	at org.springframework.boot.SpringApplicationRunListeners.environmentPrepared(SpringApplicationRunListeners.java:53)
	at org.springframework.boot.SpringApplication.prepareEnvironment(SpringApplication.java:345)
	at org.springframework.boot.SpringApplication.run(SpringApplication.java:308)
	at org.springframework.boot.SpringApplication.run(SpringApplication.java:1226)
	at org.springframework.boot.SpringApplication.run(SpringApplication.java:1215)
	at com.delta.kylintask.KylinTaskApplication.main(KylinTaskApplication.java:12)
Caused by: java.lang.IllegalStateException: Logback configuration error detected: 
ERROR in ch.qos.logback.core.joran.action.NestedComplexPropertyIA - Could not create component [dataSource] of type [org.apache.commons.dbcp.BasicDataSource] java.lang.ClassNotFoundException: org.apache.commons.dbcp.BasicDataSource
ERROR in ch.qos.logback.core.joran.spi.Interpreter@60:34 - no applicable action for [driverClassName], current ElementPath  is [[configuration][appender][connectionSource][dataSource][driverClassName]]
ERROR in ch.qos.logback.core.joran.spi.Interpreter@61:22 - no applicable action for [url], current ElementPath  is [[configuration][appender][connectionSource][dataSource][url]]
ERROR in ch.qos.logback.core.joran.spi.Interpreter@62:27 - no applicable action for [username], current ElementPath  is [[configuration][appender][connectionSource][dataSource][username]]
ERROR in ch.qos.logback.core.joran.spi.Interpreter@66:16 - RuntimeException in Action for tag [appender] java.lang.IllegalStateException: DBAppender cannot function if the JDBC driver does not support getGeneratedKeys method *and* without a specific SQL dialect
ERROR in ch.qos.logback.core.joran.action.NestedComplexPropertyIA - Could not create component [dataSource] of type [org.apache.commons.dbcp.BasicDataSource] java.lang.ClassNotFoundException: org.apache.commons.dbcp.BasicDataSource
ERROR in ch.qos.logback.core.joran.spi.Interpreter@60:34 - no applicable action for [driverClassName], current ElementPath  is [[configuration][appender][connectionSource][dataSource][driverClassName]]
ERROR in ch.qos.logback.core.joran.spi.Interpreter@61:22 - no applicable action for [url], current ElementPath  is [[configuration][appender][connectionSource][dataSource][url]]
ERROR in ch.qos.logback.core.joran.spi.Interpreter@62:27 - no applicable action for [username], current ElementPath  is [[configuration][appender][connectionSource][dataSource][username]]
ERROR in ch.qos.logback.core.joran.spi.Interpreter@66:16 - RuntimeException in Action for tag [appender] java.lang.IllegalStateException: DBAppender cannot function if the JDBC driver does not support getGeneratedKeys method *and* without a specific SQL dialect
	at org.springframework.boot.logging.logback.LogbackLoggingSystem.loadConfiguration(LogbackLoggingSystem.java:169)
	at org.springframework.boot.logging.AbstractLoggingSystem.initializeWithSpecificConfig(AbstractLoggingSystem.java:66)
	at org.springframework.boot.logging.AbstractLoggingSystem.initialize(AbstractLoggingSystem.java:57)
	at org.springframework.boot.logging.logback.LogbackLoggingSystem.initialize(LogbackLoggingSystem.java:118)
	at org.springframework.boot.context.logging.LoggingApplicationListener.initializeSystem(LoggingApplicationListener.java:318)
	... 14 common frames omitted
2020-05-01 14:32:53.253 [main] ERROR org.springframework.boot.SpringApplication - Application run failed
java.lang.IllegalStateException: Logback configuration error detected: 
ERROR in ch.qos.logback.core.joran.action.NestedComplexPropertyIA - Could not create component [dataSource] of type [org.apache.commons.dbcp.BasicDataSource] java.lang.ClassNotFoundException: org.apache.commons.dbcp.BasicDataSource
ERROR in ch.qos.logback.core.joran.spi.Interpreter@60:34 - no applicable action for [driverClassName], current ElementPath  is [[configuration][appender][connectionSource][dataSource][driverClassName]]
ERROR in ch.qos.logback.core.joran.spi.Interpreter@61:22 - no applicable action for [url], current ElementPath  is [[configuration][appender][connectionSource][dataSource][url]]
ERROR in ch.qos.logback.core.joran.spi.Interpreter@62:27 - no applicable action for [username], current ElementPath  is [[configuration][appender][connectionSource][dataSource][username]]
ERROR in ch.qos.logback.core.joran.spi.Interpreter@66:16 - RuntimeException in Action for tag [appender] java.lang.IllegalStateException: DBAppender cannot function if the JDBC driver does not support getGeneratedKeys method *and* without a specific SQL dialect
	at org.springframework.boot.logging.logback.LogbackLoggingSystem.loadConfiguration(LogbackLoggingSystem.java:169)
	at org.springframework.boot.logging.logback.LogbackLoggingSystem.reinitialize(LogbackLoggingSystem.java:222)
	at org.springframework.boot.logging.AbstractLoggingSystem.initializeWithConventions(AbstractLoggingSystem.java:73)
	at org.springframework.boot.logging.AbstractLoggingSystem.initialize(AbstractLoggingSystem.java:60)
	at org.springframework.boot.logging.logback.LogbackLoggingSystem.initialize(LogbackLoggingSystem.java:118)
	at org.springframework.boot.context.logging.LoggingApplicationListener.initializeSystem(LoggingApplicationListener.java:313)
	at org.springframework.boot.context.logging.LoggingApplicationListener.initialize(LoggingApplicationListener.java:288)
	at org.springframework.boot.context.logging.LoggingApplicationListener.onApplicationEnvironmentPreparedEvent(LoggingApplicationListener.java:246)
	at org.springframework.boot.context.logging.LoggingApplicationListener.onApplicationEvent(LoggingApplicationListener.java:223)
	at org.springframework.context.event.SimpleApplicationEventMulticaster.doInvokeListener(SimpleApplicationEventMulticaster.java:172)
	at org.springframework.context.event.SimpleApplicationEventMulticaster.invokeListener(SimpleApplicationEventMulticaster.java:165)
	at org.springframework.context.event.SimpleApplicationEventMulticaster.multicastEvent(SimpleApplicationEventMulticaster.java:139)
	at org.springframework.context.event.SimpleApplicationEventMulticaster.multicastEvent(SimpleApplicationEventMulticaster.java:127)
	at org.springframework.boot.context.event.EventPublishingRunListener.environmentPrepared(EventPublishingRunListener.java:76)
	at org.springframework.boot.SpringApplicationRunListeners.environmentPrepared(SpringApplicationRunListeners.java:53)
	at org.springframework.boot.SpringApplication.prepareEnvironment(SpringApplication.java:345)
	at org.springframework.boot.SpringApplication.run(SpringApplication.java:308)
	at org.springframework.boot.SpringApplication.run(SpringApplication.java:1226)
	at org.springframework.boot.SpringApplication.run(SpringApplication.java:1215)
	at com.delta.kylintask.KylinTaskApplication.main(KylinTaskApplication.java:12)
2020-05-01 14:38:12.848 [main] ERROR org.springframework.boot.SpringApplication - Application run failed
java.lang.IllegalStateException: Logback configuration error detected: 
ERROR in ch.qos.logback.core.joran.action.NestedComplexPropertyIA - Could not create component [dataSource] of type [org.apache.commons.dbcp.BasicDataSource] java.lang.ClassNotFoundException: org.apache.commons.dbcp.BasicDataSource
ERROR in ch.qos.logback.core.joran.spi.Interpreter@60:34 - no applicable action for [driverClassName], current ElementPath  is [[configuration][appender][connectionSource][dataSource][driverClassName]]
ERROR in ch.qos.logback.core.joran.spi.Interpreter@61:22 - no applicable action for [url], current ElementPath  is [[configuration][appender][connectionSource][dataSource][url]]
ERROR in ch.qos.logback.core.joran.spi.Interpreter@62:27 - no applicable action for [username], current ElementPath  is [[configuration][appender][connectionSource][dataSource][username]]
ERROR in ch.qos.logback.core.joran.spi.Interpreter@66:16 - RuntimeException in Action for tag [appender] java.lang.IllegalStateException: DBAppender cannot function if the JDBC driver does not support getGeneratedKeys method *and* without a specific SQL dialect
	at org.springframework.boot.logging.logback.LogbackLoggingSystem.loadConfiguration(LogbackLoggingSystem.java:169)
	at org.springframework.boot.logging.logback.LogbackLoggingSystem.reinitialize(LogbackLoggingSystem.java:222)
	at org.springframework.boot.logging.AbstractLoggingSystem.initializeWithConventions(AbstractLoggingSystem.java:73)
	at org.springframework.boot.logging.AbstractLoggingSystem.initialize(AbstractLoggingSystem.java:60)
	at org.springframework.boot.logging.logback.LogbackLoggingSystem.initialize(LogbackLoggingSystem.java:118)
	at org.springframework.boot.context.logging.LoggingApplicationListener.initializeSystem(LoggingApplicationListener.java:313)
	at org.springframework.boot.context.logging.LoggingApplicationListener.initialize(LoggingApplicationListener.java:288)
	at org.springframework.boot.context.logging.LoggingApplicationListener.onApplicationEnvironmentPreparedEvent(LoggingApplicationListener.java:246)
	at org.springframework.boot.context.logging.LoggingApplicationListener.onApplicationEvent(LoggingApplicationListener.java:223)
	at org.springframework.context.event.SimpleApplicationEventMulticaster.doInvokeListener(SimpleApplicationEventMulticaster.java:172)
	at org.springframework.context.event.SimpleApplicationEventMulticaster.invokeListener(SimpleApplicationEventMulticaster.java:165)
	at org.springframework.context.event.SimpleApplicationEventMulticaster.multicastEvent(SimpleApplicationEventMulticaster.java:139)
	at org.springframework.context.event.SimpleApplicationEventMulticaster.multicastEvent(SimpleApplicationEventMulticaster.java:127)
	at org.springframework.boot.context.event.EventPublishingRunListener.environmentPrepared(EventPublishingRunListener.java:76)
	at org.springframework.boot.SpringApplicationRunListeners.environmentPrepared(SpringApplicationRunListeners.java:53)
	at org.springframework.boot.SpringApplication.prepareEnvironment(SpringApplication.java:345)
	at org.springframework.boot.SpringApplication.run(SpringApplication.java:308)
	at org.springframework.boot.SpringApplication.run(SpringApplication.java:1226)
	at org.springframework.boot.SpringApplication.run(SpringApplication.java:1215)
	at com.delta.kylintask.KylinTaskApplication.main(KylinTaskApplication.java:12)
2020-05-01 14:40:32.002 [scheduler_Worker-1] ERROR org.quartz.core.JobRunShell - Job 671118655.REFRESH_Imcremental_cube_20200424161800_20200424162100 threw an unhandled Exception: 
com.delta.kylintask.exception.KylinException: Kylin client is null, please connect first.
	at com.delta.kylintask.kylinclient.HttpClientFactory.getKylinClient(HttpClientFactory.java:37)
	at com.delta.kylintask.quartz.BuildJob.execute(BuildJob.java:40)
	at org.quartz.core.JobRunShell.run(JobRunShell.java:202)
	at org.quartz.simpl.SimpleThreadPool$WorkerThread.run(SimpleThreadPool.java:573)
2020-05-01 14:40:32.023 [scheduler_Worker-1] ERROR org.quartz.core.ErrorLogger - Job (671118655.REFRESH_Imcremental_cube_20200424161800_20200424162100 threw an exception.
org.quartz.SchedulerException: Job threw an unhandled exception.
	at org.quartz.core.JobRunShell.run(JobRunShell.java:213)
	at org.quartz.simpl.SimpleThreadPool$WorkerThread.run(SimpleThreadPool.java:573)
Caused by: com.delta.kylintask.exception.KylinException: Kylin client is null, please connect first.
	at com.delta.kylintask.kylinclient.HttpClientFactory.getKylinClient(HttpClientFactory.java:37)
	at com.delta.kylintask.quartz.BuildJob.execute(BuildJob.java:40)
	at org.quartz.core.JobRunShell.run(JobRunShell.java:202)
	... 1 common frames omitted
2020-05-01 14:40:40.040 [scheduler_Worker-2] ERROR org.quartz.core.JobRunShell - Job 671118655.REFRESH_Imcremental_cube_20200424161800_20200424162100 threw an unhandled Exception: 
com.delta.kylintask.exception.KylinException: Kylin client is null, please connect first.
	at com.delta.kylintask.kylinclient.HttpClientFactory.getKylinClient(HttpClientFactory.java:37)
	at com.delta.kylintask.quartz.BuildJob.execute(BuildJob.java:40)
	at org.quartz.core.JobRunShell.run(JobRunShell.java:202)
	at org.quartz.simpl.SimpleThreadPool$WorkerThread.run(SimpleThreadPool.java:573)
2020-05-01 14:40:40.050 [scheduler_Worker-2] ERROR org.quartz.core.ErrorLogger - Job (671118655.REFRESH_Imcremental_cube_20200424161800_20200424162100 threw an exception.
org.quartz.SchedulerException: Job threw an unhandled exception.
	at org.quartz.core.JobRunShell.run(JobRunShell.java:213)
	at org.quartz.simpl.SimpleThreadPool$WorkerThread.run(SimpleThreadPool.java:573)
Caused by: com.delta.kylintask.exception.KylinException: Kylin client is null, please connect first.
	at com.delta.kylintask.kylinclient.HttpClientFactory.getKylinClient(HttpClientFactory.java:37)
	at com.delta.kylintask.quartz.BuildJob.execute(BuildJob.java:40)
	at org.quartz.core.JobRunShell.run(JobRunShell.java:202)
	... 1 common frames omitted
2020-05-01 14:40:50.009 [scheduler_Worker-3] ERROR org.quartz.core.JobRunShell - Job 671118655.REFRESH_Imcremental_cube_20200424161800_20200424162100 threw an unhandled Exception: 
com.delta.kylintask.exception.KylinException: Kylin client is null, please connect first.
	at com.delta.kylintask.kylinclient.HttpClientFactory.getKylinClient(HttpClientFactory.java:37)
	at com.delta.kylintask.quartz.BuildJob.execute(BuildJob.java:40)
	at org.quartz.core.JobRunShell.run(JobRunShell.java:202)
	at org.quartz.simpl.SimpleThreadPool$WorkerThread.run(SimpleThreadPool.java:573)
2020-05-01 14:40:50.017 [scheduler_Worker-3] ERROR org.quartz.core.ErrorLogger - Job (671118655.REFRESH_Imcremental_cube_20200424161800_20200424162100 threw an exception.
org.quartz.SchedulerException: Job threw an unhandled exception.
	at org.quartz.core.JobRunShell.run(JobRunShell.java:213)
	at org.quartz.simpl.SimpleThreadPool$WorkerThread.run(SimpleThreadPool.java:573)
Caused by: com.delta.kylintask.exception.KylinException: Kylin client is null, please connect first.
	at com.delta.kylintask.kylinclient.HttpClientFactory.getKylinClient(HttpClientFactory.java:37)
	at com.delta.kylintask.quartz.BuildJob.execute(BuildJob.java:40)
	at org.quartz.core.JobRunShell.run(JobRunShell.java:202)
	... 1 common frames omitted
2020-05-01 14:41:00.029 [scheduler_Worker-4] ERROR org.quartz.core.JobRunShell - Job 671118655.REFRESH_Imcremental_cube_20200424161800_20200424162100 threw an unhandled Exception: 
com.delta.kylintask.exception.KylinException: Kylin client is null, please connect first.
	at com.delta.kylintask.kylinclient.HttpClientFactory.getKylinClient(HttpClientFactory.java:37)
	at com.delta.kylintask.quartz.BuildJob.execute(BuildJob.java:40)
	at org.quartz.core.JobRunShell.run(JobRunShell.java:202)
	at org.quartz.simpl.SimpleThreadPool$WorkerThread.run(SimpleThreadPool.java:573)
2020-05-01 14:41:00.060 [scheduler_Worker-4] ERROR org.quartz.core.ErrorLogger - Job (671118655.REFRESH_Imcremental_cube_20200424161800_20200424162100 threw an exception.
org.quartz.SchedulerException: Job threw an unhandled exception.
	at org.quartz.core.JobRunShell.run(JobRunShell.java:213)
	at org.quartz.simpl.SimpleThreadPool$WorkerThread.run(SimpleThreadPool.java:573)
Caused by: com.delta.kylintask.exception.KylinException: Kylin client is null, please connect first.
	at com.delta.kylintask.kylinclient.HttpClientFactory.getKylinClient(HttpClientFactory.java:37)
	at com.delta.kylintask.quartz.BuildJob.execute(BuildJob.java:40)
	at org.quartz.core.JobRunShell.run(JobRunShell.java:202)
	... 1 common frames omitted
2020-05-01 14:41:10.008 [scheduler_Worker-5] ERROR org.quartz.core.JobRunShell - Job 671118655.REFRESH_Imcremental_cube_20200424161800_20200424162100 threw an unhandled Exception: 
com.delta.kylintask.exception.KylinException: Kylin client is null, please connect first.
	at com.delta.kylintask.kylinclient.HttpClientFactory.getKylinClient(HttpClientFactory.java:37)
	at com.delta.kylintask.quartz.BuildJob.execute(BuildJob.java:40)
	at org.quartz.core.JobRunShell.run(JobRunShell.java:202)
	at org.quartz.simpl.SimpleThreadPool$WorkerThread.run(SimpleThreadPool.java:573)
2020-05-01 14:41:10.015 [scheduler_Worker-5] ERROR org.quartz.core.ErrorLogger - Job (671118655.REFRESH_Imcremental_cube_20200424161800_20200424162100 threw an exception.
org.quartz.SchedulerException: Job threw an unhandled exception.
	at org.quartz.core.JobRunShell.run(JobRunShell.java:213)
	at org.quartz.simpl.SimpleThreadPool$WorkerThread.run(SimpleThreadPool.java:573)
Caused by: com.delta.kylintask.exception.KylinException: Kylin client is null, please connect first.
	at com.delta.kylintask.kylinclient.HttpClientFactory.getKylinClient(HttpClientFactory.java:37)
	at com.delta.kylintask.quartz.BuildJob.execute(BuildJob.java:40)
	at org.quartz.core.JobRunShell.run(JobRunShell.java:202)
	... 1 common frames omitted
2020-05-01 17:00:14.664 [main] ERROR org.springframework.boot.SpringApplication - Application run failed
org.springframework.beans.factory.BeanCreationException: Error creating bean with name 'scheduleManager': Invocation of init method failed; nested exception is org.springframework.jdbc.BadSqlGrammarException: 
### Error querying database.  Cause: org.h2.jdbc.JdbcSQLSyntaxErrorException: Column "KYLINID" not found; SQL statement:
SELECT  id AS id,protocol,host,port,username,password  FROM tb_kylin 
 WHERE  (kylinid IS NOT NULL) [42122-200]
	at org.h2.message.DbException.getJdbcSQLException(DbException.java:453)
	at org.h2.message.DbException.getJdbcSQLException(DbException.java:429)
	at org.h2.message.DbException.get(DbException.java:205)
	at org.h2.message.DbException.get(DbException.java:181)
	at org.h2.expression.ExpressionColumn.getColumnException(ExpressionColumn.java:163)
	at org.h2.expression.ExpressionColumn.optimize(ExpressionColumn.java:145)
	at org.h2.expression.condition.SimplePredicate.optimize(SimplePredicate.java:37)
	at org.h2.expression.condition.NullPredicate.optimize(NullPredicate.java:43)
	at org.h2.command.dml.Select.prepare(Select.java:1209)
	at org.h2.command.Parser.prepareCommand(Parser.java:744)
	at org.h2.engine.Session.prepareLocal(Session.java:657)
	at org.h2.server.TcpServerThread.process(TcpServerThread.java:278)
	at org.h2.server.TcpServerThread.run(TcpServerThread.java:183)
	at java.base/java.lang.Thread.run(Unknown Source)

### The error may exist in com/delta/kylintask/mapper/KylinMapper.java (best guess)
### The error may involve com.delta.kylintask.mapper.KylinMapper.selectList
### The error occurred while executing a query
### SQL: SELECT  id AS id,protocol,host,port,username,password  FROM tb_kylin   WHERE  (kylinid IS NOT NULL)
### Cause: org.h2.jdbc.JdbcSQLSyntaxErrorException: Column "KYLINID" not found; SQL statement:
SELECT  id AS id,protocol,host,port,username,password  FROM tb_kylin 
 WHERE  (kylinid IS NOT NULL) [42122-200]
	at org.h2.message.DbException.getJdbcSQLException(DbException.java:453)
	at org.h2.message.DbException.getJdbcSQLException(DbException.java:429)
	at org.h2.message.DbException.get(DbException.java:205)
	at org.h2.message.DbException.get(DbException.java:181)
	at org.h2.expression.ExpressionColumn.getColumnException(ExpressionColumn.java:163)
	at org.h2.expression.ExpressionColumn.optimize(ExpressionColumn.java:145)
	at org.h2.expression.condition.SimplePredicate.optimize(SimplePredicate.java:37)
	at org.h2.expression.condition.NullPredicate.optimize(NullPredicate.java:43)
	at org.h2.command.dml.Select.prepare(Select.java:1209)
	at org.h2.command.Parser.prepareCommand(Parser.java:744)
	at org.h2.engine.Session.prepareLocal(Session.java:657)
	at org.h2.server.TcpServerThread.process(TcpServerThread.java:278)
	at org.h2.server.TcpServerThread.run(TcpServerThread.java:183)
	at java.base/java.lang.Thread.run(Unknown Source)

; bad SQL grammar []; nested exception is org.h2.jdbc.JdbcSQLSyntaxErrorException: Column "KYLINID" not found; SQL statement:
SELECT  id AS id,protocol,host,port,username,password  FROM tb_kylin 
 WHERE  (kylinid IS NOT NULL) [42122-200]
	at org.h2.message.DbException.getJdbcSQLException(DbException.java:453)
	at org.h2.message.DbException.getJdbcSQLException(DbException.java:429)
	at org.h2.message.DbException.get(DbException.java:205)
	at org.h2.message.DbException.get(DbException.java:181)
	at org.h2.expression.ExpressionColumn.getColumnException(ExpressionColumn.java:163)
	at org.h2.expression.ExpressionColumn.optimize(ExpressionColumn.java:145)
	at org.h2.expression.condition.SimplePredicate.optimize(SimplePredicate.java:37)
	at org.h2.expression.condition.NullPredicate.optimize(NullPredicate.java:43)
	at org.h2.command.dml.Select.prepare(Select.java:1209)
	at org.h2.command.Parser.prepareCommand(Parser.java:744)
	at org.h2.engine.Session.prepareLocal(Session.java:657)
	at org.h2.server.TcpServerThread.process(TcpServerThread.java:278)
	at org.h2.server.TcpServerThread.run(TcpServerThread.java:183)
	at java.base/java.lang.Thread.run(Unknown Source)

	at org.springframework.beans.factory.annotation.InitDestroyAnnotationBeanPostProcessor.postProcessBeforeInitialization(InitDestroyAnnotationBeanPostProcessor.java:160)
	at org.springframework.beans.factory.support.AbstractAutowireCapableBeanFactory.applyBeanPostProcessorsBeforeInitialization(AbstractAutowireCapableBeanFactory.java:416)
	at org.springframework.beans.factory.support.AbstractAutowireCapableBeanFactory.initializeBean(AbstractAutowireCapableBeanFactory.java:1788)
	at org.springframework.beans.factory.support.AbstractAutowireCapableBeanFactory.doCreateBean(AbstractAutowireCapableBeanFactory.java:595)
	at org.springframework.beans.factory.support.AbstractAutowireCapableBeanFactory.createBean(AbstractAutowireCapableBeanFactory.java:517)
	at org.springframework.beans.factory.support.AbstractBeanFactory.lambda$doGetBean$0(AbstractBeanFactory.java:323)
	at org.springframework.beans.factory.support.DefaultSingletonBeanRegistry.getSingleton(DefaultSingletonBeanRegistry.java:222)
	at org.springframework.beans.factory.support.AbstractBeanFactory.doGetBean(AbstractBeanFactory.java:321)
	at org.springframework.beans.factory.support.AbstractBeanFactory.getBean(AbstractBeanFactory.java:202)
	at org.springframework.beans.factory.support.DefaultListableBeanFactory.preInstantiateSingletons(DefaultListableBeanFactory.java:882)
	at org.springframework.context.support.AbstractApplicationContext.finishBeanFactoryInitialization(AbstractApplicationContext.java:878)
	at org.springframework.context.support.AbstractApplicationContext.refresh(AbstractApplicationContext.java:550)
	at org.springframework.boot.web.servlet.context.ServletWebServerApplicationContext.refresh(ServletWebServerApplicationContext.java:141)
	at org.springframework.boot.SpringApplication.refresh(SpringApplication.java:747)
	at org.springframework.boot.SpringApplication.refreshContext(SpringApplication.java:397)
	at org.springframework.boot.SpringApplication.run(SpringApplication.java:315)
	at org.springframework.boot.SpringApplication.run(SpringApplication.java:1226)
	at org.springframework.boot.SpringApplication.run(SpringApplication.java:1215)
	at com.delta.kylintask.KylinTaskApplication.main(KylinTaskApplication.java:12)
Caused by: org.springframework.jdbc.BadSqlGrammarException: 
### Error querying database.  Cause: org.h2.jdbc.JdbcSQLSyntaxErrorException: Column "KYLINID" not found; SQL statement:
SELECT  id AS id,protocol,host,port,username,password  FROM tb_kylin 
 WHERE  (kylinid IS NOT NULL) [42122-200]
	at org.h2.message.DbException.getJdbcSQLException(DbException.java:453)
	at org.h2.message.DbException.getJdbcSQLException(DbException.java:429)
	at org.h2.message.DbException.get(DbException.java:205)
	at org.h2.message.DbException.get(DbException.java:181)
	at org.h2.expression.ExpressionColumn.getColumnException(ExpressionColumn.java:163)
	at org.h2.expression.ExpressionColumn.optimize(ExpressionColumn.java:145)
	at org.h2.expression.condition.SimplePredicate.optimize(SimplePredicate.java:37)
	at org.h2.expression.condition.NullPredicate.optimize(NullPredicate.java:43)
	at org.h2.command.dml.Select.prepare(Select.java:1209)
	at org.h2.command.Parser.prepareCommand(Parser.java:744)
	at org.h2.engine.Session.prepareLocal(Session.java:657)
	at org.h2.server.TcpServerThread.process(TcpServerThread.java:278)
	at org.h2.server.TcpServerThread.run(TcpServerThread.java:183)
	at java.base/java.lang.Thread.run(Unknown Source)

### The error may exist in com/delta/kylintask/mapper/KylinMapper.java (best guess)
### The error may involve com.delta.kylintask.mapper.KylinMapper.selectList
### The error occurred while executing a query
### SQL: SELECT  id AS id,protocol,host,port,username,password  FROM tb_kylin   WHERE  (kylinid IS NOT NULL)
### Cause: org.h2.jdbc.JdbcSQLSyntaxErrorException: Column "KYLINID" not found; SQL statement:
SELECT  id AS id,protocol,host,port,username,password  FROM tb_kylin 
 WHERE  (kylinid IS NOT NULL) [42122-200]
	at org.h2.message.DbException.getJdbcSQLException(DbException.java:453)
	at org.h2.message.DbException.getJdbcSQLException(DbException.java:429)
	at org.h2.message.DbException.get(DbException.java:205)
	at org.h2.message.DbException.get(DbException.java:181)
	at org.h2.expression.ExpressionColumn.getColumnException(ExpressionColumn.java:163)
	at org.h2.expression.ExpressionColumn.optimize(ExpressionColumn.java:145)
	at org.h2.expression.condition.SimplePredicate.optimize(SimplePredicate.java:37)
	at org.h2.expression.condition.NullPredicate.optimize(NullPredicate.java:43)
	at org.h2.command.dml.Select.prepare(Select.java:1209)
	at org.h2.command.Parser.prepareCommand(Parser.java:744)
	at org.h2.engine.Session.prepareLocal(Session.java:657)
	at org.h2.server.TcpServerThread.process(TcpServerThread.java:278)
	at org.h2.server.TcpServerThread.run(TcpServerThread.java:183)
	at java.base/java.lang.Thread.run(Unknown Source)

; bad SQL grammar []; nested exception is org.h2.jdbc.JdbcSQLSyntaxErrorException: Column "KYLINID" not found; SQL statement:
SELECT  id AS id,protocol,host,port,username,password  FROM tb_kylin 
 WHERE  (kylinid IS NOT NULL) [42122-200]
	at org.h2.message.DbException.getJdbcSQLException(DbException.java:453)
	at org.h2.message.DbException.getJdbcSQLException(DbException.java:429)
	at org.h2.message.DbException.get(DbException.java:205)
	at org.h2.message.DbException.get(DbException.java:181)
	at org.h2.expression.ExpressionColumn.getColumnException(ExpressionColumn.java:163)
	at org.h2.expression.ExpressionColumn.optimize(ExpressionColumn.java:145)
	at org.h2.expression.condition.SimplePredicate.optimize(SimplePredicate.java:37)
	at org.h2.expression.condition.NullPredicate.optimize(NullPredicate.java:43)
	at org.h2.command.dml.Select.prepare(Select.java:1209)
	at org.h2.command.Parser.prepareCommand(Parser.java:744)
	at org.h2.engine.Session.prepareLocal(Session.java:657)
	at org.h2.server.TcpServerThread.process(TcpServerThread.java:278)
	at org.h2.server.TcpServerThread.run(TcpServerThread.java:183)
	at java.base/java.lang.Thread.run(Unknown Source)

	at org.springframework.jdbc.support.SQLErrorCodeSQLExceptionTranslator.doTranslate(SQLErrorCodeSQLExceptionTranslator.java:235)
	at org.springframework.jdbc.support.AbstractFallbackSQLExceptionTranslator.translate(AbstractFallbackSQLExceptionTranslator.java:72)
	at org.mybatis.spring.MyBatisExceptionTranslator.translateExceptionIfPossible(MyBatisExceptionTranslator.java:88)
	at org.mybatis.spring.SqlSessionTemplate$SqlSessionInterceptor.invoke(SqlSessionTemplate.java:440)
	at com.sun.proxy.$Proxy85.selectList(Unknown Source)
	at org.mybatis.spring.SqlSessionTemplate.selectList(SqlSessionTemplate.java:223)
	at org.apache.ibatis.binding.MapperMethod.executeForMany(MapperMethod.java:147)
	at org.apache.ibatis.binding.MapperMethod.execute(MapperMethod.java:80)
	at org.apache.ibatis.binding.MapperProxy$PlainMethodInvoker.invoke(MapperProxy.java:144)
	at org.apache.ibatis.binding.MapperProxy.invoke(MapperProxy.java:85)
	at com.sun.proxy.$Proxy90.selectList(Unknown Source)
	at sun.reflect.NativeMethodAccessorImpl.invoke0(Native Method)
	at sun.reflect.NativeMethodAccessorImpl.invoke(NativeMethodAccessorImpl.java:62)
	at sun.reflect.DelegatingMethodAccessorImpl.invoke(DelegatingMethodAccessorImpl.java:43)
	at java.lang.reflect.Method.invoke(Method.java:498)
	at org.springframework.aop.support.AopUtils.invokeJoinpointUsingReflection(AopUtils.java:344)
	at org.springframework.aop.framework.ReflectiveMethodInvocation.invokeJoinpoint(ReflectiveMethodInvocation.java:198)
	at org.springframework.aop.framework.ReflectiveMethodInvocation.proceed(ReflectiveMethodInvocation.java:163)
	at org.springframework.dao.support.PersistenceExceptionTranslationInterceptor.invoke(PersistenceExceptionTranslationInterceptor.java:139)
	at org.springframework.aop.framework.ReflectiveMethodInvocation.proceed(ReflectiveMethodInvocation.java:186)
	at org.springframework.aop.framework.JdkDynamicAopProxy.invoke(JdkDynamicAopProxy.java:212)
	at com.sun.proxy.$Proxy91.selectList(Unknown Source)
	at com.delta.kylintask.config.ScheduleManager.addListener(ScheduleManager.java:41)
	at sun.reflect.NativeMethodAccessorImpl.invoke0(Native Method)
	at sun.reflect.NativeMethodAccessorImpl.invoke(NativeMethodAccessorImpl.java:62)
	at sun.reflect.DelegatingMethodAccessorImpl.invoke(DelegatingMethodAccessorImpl.java:43)
	at java.lang.reflect.Method.invoke(Method.java:498)
	at org.springframework.beans.factory.annotation.InitDestroyAnnotationBeanPostProcessor$LifecycleElement.invoke(InitDestroyAnnotationBeanPostProcessor.java:389)
	at org.springframework.beans.factory.annotation.InitDestroyAnnotationBeanPostProcessor$LifecycleMetadata.invokeInitMethods(InitDestroyAnnotationBeanPostProcessor.java:333)
	at org.springframework.beans.factory.annotation.InitDestroyAnnotationBeanPostProcessor.postProcessBeforeInitialization(InitDestroyAnnotationBeanPostProcessor.java:157)
	... 18 common frames omitted
Caused by: org.h2.jdbc.JdbcSQLSyntaxErrorException: Column "KYLINID" not found; SQL statement:
SELECT  id AS id,protocol,host,port,username,password  FROM tb_kylin 
 WHERE  (kylinid IS NOT NULL) [42122-200]
	at org.h2.message.DbException.getJdbcSQLException(DbException.java:453)
	at org.h2.engine.SessionRemote.done(SessionRemote.java:611)
	at org.h2.command.CommandRemote.prepare(CommandRemote.java:85)
	at org.h2.command.CommandRemote.<init>(CommandRemote.java:51)
	at org.h2.engine.SessionRemote.prepareCommand(SessionRemote.java:481)
	at org.h2.jdbc.JdbcConnection.prepareCommand(JdbcConnection.java:1235)
	at org.h2.jdbc.JdbcPreparedStatement.<init>(JdbcPreparedStatement.java:76)
	at org.h2.jdbc.JdbcConnection.prepareStatement(JdbcConnection.java:352)
	at com.zaxxer.hikari.pool.ProxyConnection.prepareStatement(ProxyConnection.java:316)
	at com.zaxxer.hikari.pool.HikariProxyConnection.prepareStatement(HikariProxyConnection.java)
	at org.apache.ibatis.executor.statement.PreparedStatementHandler.instantiateStatement(PreparedStatementHandler.java:86)
	at org.apache.ibatis.executor.statement.BaseStatementHandler.prepare(BaseStatementHandler.java:88)
	at org.apache.ibatis.executor.statement.RoutingStatementHandler.prepare(RoutingStatementHandler.java:59)
	at org.apache.ibatis.executor.SimpleExecutor.prepareStatement(SimpleExecutor.java:87)
	at org.apache.ibatis.executor.SimpleExecutor.doQuery(SimpleExecutor.java:62)
	at org.apache.ibatis.executor.BaseExecutor.queryFromDatabase(BaseExecutor.java:324)
	at org.apache.ibatis.executor.BaseExecutor.query(BaseExecutor.java:156)
	at org.apache.ibatis.executor.CachingExecutor.query(CachingExecutor.java:109)
	at org.apache.ibatis.executor.CachingExecutor.query(CachingExecutor.java:83)
	at org.apache.ibatis.session.defaults.DefaultSqlSession.selectList(DefaultSqlSession.java:147)
	at org.apache.ibatis.session.defaults.DefaultSqlSession.selectList(DefaultSqlSession.java:140)
	at sun.reflect.NativeMethodAccessorImpl.invoke0(Native Method)
	at sun.reflect.NativeMethodAccessorImpl.invoke(NativeMethodAccessorImpl.java:62)
	at sun.reflect.DelegatingMethodAccessorImpl.invoke(DelegatingMethodAccessorImpl.java:43)
	at java.lang.reflect.Method.invoke(Method.java:498)
	at org.mybatis.spring.SqlSessionTemplate$SqlSessionInterceptor.invoke(SqlSessionTemplate.java:426)
	... 44 common frames omitted
2020-05-01 17:07:54.359 [scheduler_Worker-1] ERROR org.quartz.core.JobRunShell - Job 671118655.REFRESH_Imcremental_cube_20200424161800_20200424162100 threw an unhandled Exception: 
com.delta.kylintask.exception.KylinException: Kylin client is null, please connect first.
	at com.delta.kylintask.kylinclient.HttpClientFactory.getKylinClient(HttpClientFactory.java:37)
	at com.delta.kylintask.quartz.BuildJob.execute(BuildJob.java:40)
	at org.quartz.core.JobRunShell.run(JobRunShell.java:202)
	at org.quartz.simpl.SimpleThreadPool$WorkerThread.run(SimpleThreadPool.java:573)
2020-05-01 17:07:54.369 [scheduler_Worker-1] ERROR org.quartz.core.ErrorLogger - Job (671118655.REFRESH_Imcremental_cube_20200424161800_20200424162100 threw an exception.
org.quartz.SchedulerException: Job threw an unhandled exception.
	at org.quartz.core.JobRunShell.run(JobRunShell.java:213)
	at org.quartz.simpl.SimpleThreadPool$WorkerThread.run(SimpleThreadPool.java:573)
Caused by: com.delta.kylintask.exception.KylinException: Kylin client is null, please connect first.
	at com.delta.kylintask.kylinclient.HttpClientFactory.getKylinClient(HttpClientFactory.java:37)
	at com.delta.kylintask.quartz.BuildJob.execute(BuildJob.java:40)
	at org.quartz.core.JobRunShell.run(JobRunShell.java:202)
	... 1 common frames omitted
2020-05-01 17:08:00.396 [scheduler_Worker-2] ERROR org.quartz.core.JobRunShell - Job 671118655.REFRESH_Imcremental_cube_20200424161800_20200424162100 threw an unhandled Exception: 
com.delta.kylintask.exception.KylinException: Kylin client is null, please connect first.
	at com.delta.kylintask.kylinclient.HttpClientFactory.getKylinClient(HttpClientFactory.java:37)
	at com.delta.kylintask.quartz.BuildJob.execute(BuildJob.java:40)
	at org.quartz.core.JobRunShell.run(JobRunShell.java:202)
	at org.quartz.simpl.SimpleThreadPool$WorkerThread.run(SimpleThreadPool.java:573)
2020-05-01 17:08:00.414 [scheduler_Worker-2] ERROR org.quartz.core.ErrorLogger - Job (671118655.REFRESH_Imcremental_cube_20200424161800_20200424162100 threw an exception.
org.quartz.SchedulerException: Job threw an unhandled exception.
	at org.quartz.core.JobRunShell.run(JobRunShell.java:213)
	at org.quartz.simpl.SimpleThreadPool$WorkerThread.run(SimpleThreadPool.java:573)
Caused by: com.delta.kylintask.exception.KylinException: Kylin client is null, please connect first.
	at com.delta.kylintask.kylinclient.HttpClientFactory.getKylinClient(HttpClientFactory.java:37)
	at com.delta.kylintask.quartz.BuildJob.execute(BuildJob.java:40)
	at org.quartz.core.JobRunShell.run(JobRunShell.java:202)
	... 1 common frames omitted
2020-05-01 17:08:10.021 [scheduler_Worker-3] ERROR org.quartz.core.JobRunShell - Job 671118655.REFRESH_Imcremental_cube_20200424161800_20200424162100 threw an unhandled Exception: 
com.delta.kylintask.exception.KylinException: Kylin client is null, please connect first.
	at com.delta.kylintask.kylinclient.HttpClientFactory.getKylinClient(HttpClientFactory.java:37)
	at com.delta.kylintask.quartz.BuildJob.execute(BuildJob.java:40)
	at org.quartz.core.JobRunShell.run(JobRunShell.java:202)
	at org.quartz.simpl.SimpleThreadPool$WorkerThread.run(SimpleThreadPool.java:573)
2020-05-01 17:08:10.026 [scheduler_Worker-3] ERROR org.quartz.core.ErrorLogger - Job (671118655.REFRESH_Imcremental_cube_20200424161800_20200424162100 threw an exception.
org.quartz.SchedulerException: Job threw an unhandled exception.
	at org.quartz.core.JobRunShell.run(JobRunShell.java:213)
	at org.quartz.simpl.SimpleThreadPool$WorkerThread.run(SimpleThreadPool.java:573)
Caused by: com.delta.kylintask.exception.KylinException: Kylin client is null, please connect first.
	at com.delta.kylintask.kylinclient.HttpClientFactory.getKylinClient(HttpClientFactory.java:37)
	at com.delta.kylintask.quartz.BuildJob.execute(BuildJob.java:40)
	at org.quartz.core.JobRunShell.run(JobRunShell.java:202)
	... 1 common frames omitted
2020-05-01 17:08:20.034 [scheduler_Worker-4] ERROR org.quartz.core.JobRunShell - Job 671118655.REFRESH_Imcremental_cube_20200424161800_20200424162100 threw an unhandled Exception: 
com.delta.kylintask.exception.KylinException: Kylin client is null, please connect first.
	at com.delta.kylintask.kylinclient.HttpClientFactory.getKylinClient(HttpClientFactory.java:37)
	at com.delta.kylintask.quartz.BuildJob.execute(BuildJob.java:40)
	at org.quartz.core.JobRunShell.run(JobRunShell.java:202)
	at org.quartz.simpl.SimpleThreadPool$WorkerThread.run(SimpleThreadPool.java:573)
2020-05-01 17:08:20.040 [scheduler_Worker-4] ERROR org.quartz.core.ErrorLogger - Job (671118655.REFRESH_Imcremental_cube_20200424161800_20200424162100 threw an exception.
org.quartz.SchedulerException: Job threw an unhandled exception.
	at org.quartz.core.JobRunShell.run(JobRunShell.java:213)
	at org.quartz.simpl.SimpleThreadPool$WorkerThread.run(SimpleThreadPool.java:573)
Caused by: com.delta.kylintask.exception.KylinException: Kylin client is null, please connect first.
	at com.delta.kylintask.kylinclient.HttpClientFactory.getKylinClient(HttpClientFactory.java:37)
	at com.delta.kylintask.quartz.BuildJob.execute(BuildJob.java:40)
	at org.quartz.core.JobRunShell.run(JobRunShell.java:202)
	... 1 common frames omitted
2020-05-01 17:08:30.021 [scheduler_Worker-5] ERROR org.quartz.core.JobRunShell - Job 671118655.REFRESH_Imcremental_cube_20200424161800_20200424162100 threw an unhandled Exception: 
com.delta.kylintask.exception.KylinException: Kylin client is null, please connect first.
	at com.delta.kylintask.kylinclient.HttpClientFactory.getKylinClient(HttpClientFactory.java:37)
	at com.delta.kylintask.quartz.BuildJob.execute(BuildJob.java:40)
	at org.quartz.core.JobRunShell.run(JobRunShell.java:202)
	at org.quartz.simpl.SimpleThreadPool$WorkerThread.run(SimpleThreadPool.java:573)
2020-05-01 17:08:30.033 [scheduler_Worker-5] ERROR org.quartz.core.ErrorLogger - Job (671118655.REFRESH_Imcremental_cube_20200424161800_20200424162100 threw an exception.
org.quartz.SchedulerException: Job threw an unhandled exception.
	at org.quartz.core.JobRunShell.run(JobRunShell.java:213)
	at org.quartz.simpl.SimpleThreadPool$WorkerThread.run(SimpleThreadPool.java:573)
Caused by: com.delta.kylintask.exception.KylinException: Kylin client is null, please connect first.
	at com.delta.kylintask.kylinclient.HttpClientFactory.getKylinClient(HttpClientFactory.java:37)
	at com.delta.kylintask.quartz.BuildJob.execute(BuildJob.java:40)
	at org.quartz.core.JobRunShell.run(JobRunShell.java:202)
	... 1 common frames omitted
2020-05-01 17:08:40.018 [scheduler_Worker-6] ERROR org.quartz.core.JobRunShell - Job 671118655.REFRESH_Imcremental_cube_20200424161800_20200424162100 threw an unhandled Exception: 
com.delta.kylintask.exception.KylinException: Kylin client is null, please connect first.
	at com.delta.kylintask.kylinclient.HttpClientFactory.getKylinClient(HttpClientFactory.java:37)
	at com.delta.kylintask.quartz.BuildJob.execute(BuildJob.java:40)
	at org.quartz.core.JobRunShell.run(JobRunShell.java:202)
	at org.quartz.simpl.SimpleThreadPool$WorkerThread.run(SimpleThreadPool.java:573)
2020-05-01 17:08:40.048 [scheduler_Worker-6] ERROR org.quartz.core.ErrorLogger - Job (671118655.REFRESH_Imcremental_cube_20200424161800_20200424162100 threw an exception.
org.quartz.SchedulerException: Job threw an unhandled exception.
	at org.quartz.core.JobRunShell.run(JobRunShell.java:213)
	at org.quartz.simpl.SimpleThreadPool$WorkerThread.run(SimpleThreadPool.java:573)
Caused by: com.delta.kylintask.exception.KylinException: Kylin client is null, please connect first.
	at com.delta.kylintask.kylinclient.HttpClientFactory.getKylinClient(HttpClientFactory.java:37)
	at com.delta.kylintask.quartz.BuildJob.execute(BuildJob.java:40)
	at org.quartz.core.JobRunShell.run(JobRunShell.java:202)
	... 1 common frames omitted
2020-05-01 17:08:50.010 [scheduler_Worker-7] ERROR org.quartz.core.JobRunShell - Job 671118655.REFRESH_Imcremental_cube_20200424161800_20200424162100 threw an unhandled Exception: 
com.delta.kylintask.exception.KylinException: Kylin client is null, please connect first.
	at com.delta.kylintask.kylinclient.HttpClientFactory.getKylinClient(HttpClientFactory.java:37)
	at com.delta.kylintask.quartz.BuildJob.execute(BuildJob.java:40)
	at org.quartz.core.JobRunShell.run(JobRunShell.java:202)
	at org.quartz.simpl.SimpleThreadPool$WorkerThread.run(SimpleThreadPool.java:573)
2020-05-01 17:08:50.018 [scheduler_Worker-7] ERROR org.quartz.core.ErrorLogger - Job (671118655.REFRESH_Imcremental_cube_20200424161800_20200424162100 threw an exception.
org.quartz.SchedulerException: Job threw an unhandled exception.
	at org.quartz.core.JobRunShell.run(JobRunShell.java:213)
	at org.quartz.simpl.SimpleThreadPool$WorkerThread.run(SimpleThreadPool.java:573)
Caused by: com.delta.kylintask.exception.KylinException: Kylin client is null, please connect first.
	at com.delta.kylintask.kylinclient.HttpClientFactory.getKylinClient(HttpClientFactory.java:37)
	at com.delta.kylintask.quartz.BuildJob.execute(BuildJob.java:40)
	at org.quartz.core.JobRunShell.run(JobRunShell.java:202)
	... 1 common frames omitted
2020-05-01 17:09:00.012 [scheduler_Worker-8] ERROR org.quartz.core.JobRunShell - Job 671118655.REFRESH_Imcremental_cube_20200424161800_20200424162100 threw an unhandled Exception: 
com.delta.kylintask.exception.KylinException: Kylin client is null, please connect first.
	at com.delta.kylintask.kylinclient.HttpClientFactory.getKylinClient(HttpClientFactory.java:37)
	at com.delta.kylintask.quartz.BuildJob.execute(BuildJob.java:40)
	at org.quartz.core.JobRunShell.run(JobRunShell.java:202)
	at org.quartz.simpl.SimpleThreadPool$WorkerThread.run(SimpleThreadPool.java:573)
2020-05-01 17:09:00.041 [scheduler_Worker-8] ERROR org.quartz.core.ErrorLogger - Job (671118655.REFRESH_Imcremental_cube_20200424161800_20200424162100 threw an exception.
org.quartz.SchedulerException: Job threw an unhandled exception.
	at org.quartz.core.JobRunShell.run(JobRunShell.java:213)
	at org.quartz.simpl.SimpleThreadPool$WorkerThread.run(SimpleThreadPool.java:573)
Caused by: com.delta.kylintask.exception.KylinException: Kylin client is null, please connect first.
	at com.delta.kylintask.kylinclient.HttpClientFactory.getKylinClient(HttpClientFactory.java:37)
	at com.delta.kylintask.quartz.BuildJob.execute(BuildJob.java:40)
	at org.quartz.core.JobRunShell.run(JobRunShell.java:202)
	... 1 common frames omitted
2020-05-01 17:09:10.009 [scheduler_Worker-9] ERROR org.quartz.core.JobRunShell - Job 671118655.REFRESH_Imcremental_cube_20200424161800_20200424162100 threw an unhandled Exception: 
com.delta.kylintask.exception.KylinException: Kylin client is null, please connect first.
	at com.delta.kylintask.kylinclient.HttpClientFactory.getKylinClient(HttpClientFactory.java:37)
	at com.delta.kylintask.quartz.BuildJob.execute(BuildJob.java:40)
	at org.quartz.core.JobRunShell.run(JobRunShell.java:202)
	at org.quartz.simpl.SimpleThreadPool$WorkerThread.run(SimpleThreadPool.java:573)
2020-05-01 17:09:10.013 [scheduler_Worker-9] ERROR org.quartz.core.ErrorLogger - Job (671118655.REFRESH_Imcremental_cube_20200424161800_20200424162100 threw an exception.
org.quartz.SchedulerException: Job threw an unhandled exception.
	at org.quartz.core.JobRunShell.run(JobRunShell.java:213)
	at org.quartz.simpl.SimpleThreadPool$WorkerThread.run(SimpleThreadPool.java:573)
Caused by: com.delta.kylintask.exception.KylinException: Kylin client is null, please connect first.
	at com.delta.kylintask.kylinclient.HttpClientFactory.getKylinClient(HttpClientFactory.java:37)
	at com.delta.kylintask.quartz.BuildJob.execute(BuildJob.java:40)
	at org.quartz.core.JobRunShell.run(JobRunShell.java:202)
	... 1 common frames omitted
2020-05-01 17:09:20.009 [scheduler_Worker-10] ERROR org.quartz.core.JobRunShell - Job 671118655.REFRESH_Imcremental_cube_20200424161800_20200424162100 threw an unhandled Exception: 
com.delta.kylintask.exception.KylinException: Kylin client is null, please connect first.
	at com.delta.kylintask.kylinclient.HttpClientFactory.getKylinClient(HttpClientFactory.java:37)
	at com.delta.kylintask.quartz.BuildJob.execute(BuildJob.java:40)
	at org.quartz.core.JobRunShell.run(JobRunShell.java:202)
	at org.quartz.simpl.SimpleThreadPool$WorkerThread.run(SimpleThreadPool.java:573)
2020-05-01 17:09:20.013 [scheduler_Worker-10] ERROR org.quartz.core.ErrorLogger - Job (671118655.REFRESH_Imcremental_cube_20200424161800_20200424162100 threw an exception.
org.quartz.SchedulerException: Job threw an unhandled exception.
	at org.quartz.core.JobRunShell.run(JobRunShell.java:213)
	at org.quartz.simpl.SimpleThreadPool$WorkerThread.run(SimpleThreadPool.java:573)
Caused by: com.delta.kylintask.exception.KylinException: Kylin client is null, please connect first.
	at com.delta.kylintask.kylinclient.HttpClientFactory.getKylinClient(HttpClientFactory.java:37)
	at com.delta.kylintask.quartz.BuildJob.execute(BuildJob.java:40)
	at org.quartz.core.JobRunShell.run(JobRunShell.java:202)
	... 1 common frames omitted
2020-05-01 17:09:30.112 [scheduler_Worker-1] ERROR org.quartz.core.JobRunShell - Job 671118655.REFRESH_Imcremental_cube_20200424161800_20200424162100 threw an unhandled Exception: 
com.delta.kylintask.exception.KylinException: Kylin client is null, please connect first.
	at com.delta.kylintask.kylinclient.HttpClientFactory.getKylinClient(HttpClientFactory.java:37)
	at com.delta.kylintask.quartz.BuildJob.execute(BuildJob.java:40)
	at org.quartz.core.JobRunShell.run(JobRunShell.java:202)
	at org.quartz.simpl.SimpleThreadPool$WorkerThread.run(SimpleThreadPool.java:573)
2020-05-01 17:09:30.118 [scheduler_Worker-1] ERROR org.quartz.core.ErrorLogger - Job (671118655.REFRESH_Imcremental_cube_20200424161800_20200424162100 threw an exception.
org.quartz.SchedulerException: Job threw an unhandled exception.
	at org.quartz.core.JobRunShell.run(JobRunShell.java:213)
	at org.quartz.simpl.SimpleThreadPool$WorkerThread.run(SimpleThreadPool.java:573)
Caused by: com.delta.kylintask.exception.KylinException: Kylin client is null, please connect first.
	at com.delta.kylintask.kylinclient.HttpClientFactory.getKylinClient(HttpClientFactory.java:37)
	at com.delta.kylintask.quartz.BuildJob.execute(BuildJob.java:40)
	at org.quartz.core.JobRunShell.run(JobRunShell.java:202)
	... 1 common frames omitted
2020-05-01 17:09:40.068 [scheduler_Worker-2] ERROR org.quartz.core.JobRunShell - Job 671118655.REFRESH_Imcremental_cube_20200424161800_20200424162100 threw an unhandled Exception: 
com.delta.kylintask.exception.KylinException: Kylin client is null, please connect first.
	at com.delta.kylintask.kylinclient.HttpClientFactory.getKylinClient(HttpClientFactory.java:37)
	at com.delta.kylintask.quartz.BuildJob.execute(BuildJob.java:40)
	at org.quartz.core.JobRunShell.run(JobRunShell.java:202)
	at org.quartz.simpl.SimpleThreadPool$WorkerThread.run(SimpleThreadPool.java:573)
2020-05-01 17:09:40.078 [scheduler_Worker-2] ERROR org.quartz.core.ErrorLogger - Job (671118655.REFRESH_Imcremental_cube_20200424161800_20200424162100 threw an exception.
org.quartz.SchedulerException: Job threw an unhandled exception.
	at org.quartz.core.JobRunShell.run(JobRunShell.java:213)
	at org.quartz.simpl.SimpleThreadPool$WorkerThread.run(SimpleThreadPool.java:573)
Caused by: com.delta.kylintask.exception.KylinException: Kylin client is null, please connect first.
	at com.delta.kylintask.kylinclient.HttpClientFactory.getKylinClient(HttpClientFactory.java:37)
	at com.delta.kylintask.quartz.BuildJob.execute(BuildJob.java:40)
	at org.quartz.core.JobRunShell.run(JobRunShell.java:202)
	... 1 common frames omitted
2020-05-01 17:09:50.031 [scheduler_Worker-3] ERROR org.quartz.core.JobRunShell - Job 671118655.REFRESH_Imcremental_cube_20200424161800_20200424162100 threw an unhandled Exception: 
com.delta.kylintask.exception.KylinException: Kylin client is null, please connect first.
	at com.delta.kylintask.kylinclient.HttpClientFactory.getKylinClient(HttpClientFactory.java:37)
	at com.delta.kylintask.quartz.BuildJob.execute(BuildJob.java:40)
	at org.quartz.core.JobRunShell.run(JobRunShell.java:202)
	at org.quartz.simpl.SimpleThreadPool$WorkerThread.run(SimpleThreadPool.java:573)
2020-05-01 17:09:50.036 [scheduler_Worker-3] ERROR org.quartz.core.ErrorLogger - Job (671118655.REFRESH_Imcremental_cube_20200424161800_20200424162100 threw an exception.
org.quartz.SchedulerException: Job threw an unhandled exception.
	at org.quartz.core.JobRunShell.run(JobRunShell.java:213)
	at org.quartz.simpl.SimpleThreadPool$WorkerThread.run(SimpleThreadPool.java:573)
Caused by: com.delta.kylintask.exception.KylinException: Kylin client is null, please connect first.
	at com.delta.kylintask.kylinclient.HttpClientFactory.getKylinClient(HttpClientFactory.java:37)
	at com.delta.kylintask.quartz.BuildJob.execute(BuildJob.java:40)
	at org.quartz.core.JobRunShell.run(JobRunShell.java:202)
	... 1 common frames omitted
2020-05-01 17:10:00.013 [scheduler_Worker-4] ERROR org.quartz.core.JobRunShell - Job 671118655.REFRESH_Imcremental_cube_20200424161800_20200424162100 threw an unhandled Exception: 
com.delta.kylintask.exception.KylinException: Kylin client is null, please connect first.
	at com.delta.kylintask.kylinclient.HttpClientFactory.getKylinClient(HttpClientFactory.java:37)
	at com.delta.kylintask.quartz.BuildJob.execute(BuildJob.java:40)
	at org.quartz.core.JobRunShell.run(JobRunShell.java:202)
	at org.quartz.simpl.SimpleThreadPool$WorkerThread.run(SimpleThreadPool.java:573)
2020-05-01 17:10:00.020 [scheduler_Worker-4] ERROR org.quartz.core.ErrorLogger - Job (671118655.REFRESH_Imcremental_cube_20200424161800_20200424162100 threw an exception.
org.quartz.SchedulerException: Job threw an unhandled exception.
	at org.quartz.core.JobRunShell.run(JobRunShell.java:213)
	at org.quartz.simpl.SimpleThreadPool$WorkerThread.run(SimpleThreadPool.java:573)
Caused by: com.delta.kylintask.exception.KylinException: Kylin client is null, please connect first.
	at com.delta.kylintask.kylinclient.HttpClientFactory.getKylinClient(HttpClientFactory.java:37)
	at com.delta.kylintask.quartz.BuildJob.execute(BuildJob.java:40)
	at org.quartz.core.JobRunShell.run(JobRunShell.java:202)
	... 1 common frames omitted
2020-05-01 17:10:34.988 [http-nio-8060-exec-4] ERROR c.delta.kylintask.service.impl.KylinWebServiceImpl - Expected URL scheme 'http' or 'https' but was 'null', {}
2020-05-01 20:37:32.484 [main] ERROR org.flywaydb.core.internal.command.DbMigrate - Migration of schema "PUBLIC" to version 1.0.7 - Alter kylin id String failed! Please restore backups and roll back database and code!
2020-05-01 20:37:32.571 [main] ERROR org.springframework.boot.SpringApplication - Application run failed
org.springframework.beans.factory.UnsatisfiedDependencyException: Error creating bean with name 'scheduleManager': Unsatisfied dependency expressed through field 'scheduler'; nested exception is org.springframework.beans.factory.BeanCreationException: Error creating bean with name 'flywayInitializer' defined in class path resource [org/springframework/boot/autoconfigure/flyway/FlywayAutoConfiguration$FlywayConfiguration.class]: Invocation of init method failed; nested exception is org.flywaydb.core.internal.command.DbMigrate$FlywayMigrateException: 
Migration V1.0.7__Alter_kylin_id_String.sql failed
--------------------------------------------------
SQL State  : 42001
Error Code : 42001
Message    : Syntax error in SQL statement "ALTER TABLE TB_KYLIN MODIFY[*] ID STRING(16)"; expected "., ADD, SET, RENAME, DROP, ALTER"; SQL statement:
alter table tb_kylin modify id String(16) [42001-200]
Location   : db/migration/V1.0.7__Alter_kylin_id_String.sql (C:\Users\anywhere\IdeaProjects\kylinnewtask\target\classes\db\migration\V1.0.7__Alter_kylin_id_String.sql)
Line       : 1
Statement  : alter table tb_kylin modify id String(16)

	at org.springframework.beans.factory.annotation.AutowiredAnnotationBeanPostProcessor$AutowiredFieldElement.inject(AutowiredAnnotationBeanPostProcessor.java:643)
	at org.springframework.beans.factory.annotation.InjectionMetadata.inject(InjectionMetadata.java:130)
	at org.springframework.beans.factory.annotation.AutowiredAnnotationBeanPostProcessor.postProcessProperties(AutowiredAnnotationBeanPostProcessor.java:399)
	at org.springframework.beans.factory.support.AbstractAutowireCapableBeanFactory.populateBean(AbstractAutowireCapableBeanFactory.java:1422)
	at org.springframework.beans.factory.support.AbstractAutowireCapableBeanFactory.doCreateBean(AbstractAutowireCapableBeanFactory.java:594)
	at org.springframework.beans.factory.support.AbstractAutowireCapableBeanFactory.createBean(AbstractAutowireCapableBeanFactory.java:517)
	at org.springframework.beans.factory.support.AbstractBeanFactory.lambda$doGetBean$0(AbstractBeanFactory.java:323)
	at org.springframework.beans.factory.support.DefaultSingletonBeanRegistry.getSingleton(DefaultSingletonBeanRegistry.java:222)
	at org.springframework.beans.factory.support.AbstractBeanFactory.doGetBean(AbstractBeanFactory.java:321)
	at org.springframework.beans.factory.support.AbstractBeanFactory.getBean(AbstractBeanFactory.java:202)
	at org.springframework.beans.factory.support.DefaultListableBeanFactory.preInstantiateSingletons(DefaultListableBeanFactory.java:882)
	at org.springframework.context.support.AbstractApplicationContext.finishBeanFactoryInitialization(AbstractApplicationContext.java:878)
	at org.springframework.context.support.AbstractApplicationContext.refresh(AbstractApplicationContext.java:550)
	at org.springframework.boot.web.servlet.context.ServletWebServerApplicationContext.refresh(ServletWebServerApplicationContext.java:141)
	at org.springframework.boot.SpringApplication.refresh(SpringApplication.java:747)
	at org.springframework.boot.SpringApplication.refreshContext(SpringApplication.java:397)
	at org.springframework.boot.SpringApplication.run(SpringApplication.java:315)
	at org.springframework.boot.SpringApplication.run(SpringApplication.java:1226)
	at org.springframework.boot.SpringApplication.run(SpringApplication.java:1215)
	at com.delta.kylintask.KylinTaskApplication.main(KylinTaskApplication.java:12)
Caused by: org.springframework.beans.factory.BeanCreationException: Error creating bean with name 'flywayInitializer' defined in class path resource [org/springframework/boot/autoconfigure/flyway/FlywayAutoConfiguration$FlywayConfiguration.class]: Invocation of init method failed; nested exception is org.flywaydb.core.internal.command.DbMigrate$FlywayMigrateException: 
Migration V1.0.7__Alter_kylin_id_String.sql failed
--------------------------------------------------
SQL State  : 42001
Error Code : 42001
Message    : Syntax error in SQL statement "ALTER TABLE TB_KYLIN MODIFY[*] ID STRING(16)"; expected "., ADD, SET, RENAME, DROP, ALTER"; SQL statement:
alter table tb_kylin modify id String(16) [42001-200]
Location   : db/migration/V1.0.7__Alter_kylin_id_String.sql (C:\Users\anywhere\IdeaProjects\kylinnewtask\target\classes\db\migration\V1.0.7__Alter_kylin_id_String.sql)
Line       : 1
Statement  : alter table tb_kylin modify id String(16)

	at org.springframework.beans.factory.support.AbstractAutowireCapableBeanFactory.initializeBean(AbstractAutowireCapableBeanFactory.java:1796)
	at org.springframework.beans.factory.support.AbstractAutowireCapableBeanFactory.doCreateBean(AbstractAutowireCapableBeanFactory.java:595)
	at org.springframework.beans.factory.support.AbstractAutowireCapableBeanFactory.createBean(AbstractAutowireCapableBeanFactory.java:517)
	at org.springframework.beans.factory.support.AbstractBeanFactory.lambda$doGetBean$0(AbstractBeanFactory.java:323)
	at org.springframework.beans.factory.support.DefaultSingletonBeanRegistry.getSingleton(DefaultSingletonBeanRegistry.java:222)
	at org.springframework.beans.factory.support.AbstractBeanFactory.doGetBean(AbstractBeanFactory.java:321)
	at org.springframework.beans.factory.support.AbstractBeanFactory.getBean(AbstractBeanFactory.java:202)
	at org.springframework.beans.factory.support.AbstractBeanFactory.doGetBean(AbstractBeanFactory.java:310)
	at org.springframework.beans.factory.support.AbstractBeanFactory.getBean(AbstractBeanFactory.java:202)
	at org.springframework.beans.factory.config.DependencyDescriptor.resolveCandidate(DependencyDescriptor.java:276)
	at org.springframework.beans.factory.support.DefaultListableBeanFactory.doResolveDependency(DefaultListableBeanFactory.java:1290)
	at org.springframework.beans.factory.support.DefaultListableBeanFactory.resolveDependency(DefaultListableBeanFactory.java:1210)
	at org.springframework.beans.factory.annotation.AutowiredAnnotationBeanPostProcessor$AutowiredFieldElement.inject(AutowiredAnnotationBeanPostProcessor.java:640)
	... 19 common frames omitted
Caused by: org.flywaydb.core.internal.command.DbMigrate$FlywayMigrateException: 
Migration V1.0.7__Alter_kylin_id_String.sql failed
--------------------------------------------------
SQL State  : 42001
Error Code : 42001
Message    : Syntax error in SQL statement "ALTER TABLE TB_KYLIN MODIFY[*] ID STRING(16)"; expected "., ADD, SET, RENAME, DROP, ALTER"; SQL statement:
alter table tb_kylin modify id String(16) [42001-200]
Location   : db/migration/V1.0.7__Alter_kylin_id_String.sql (C:\Users\anywhere\IdeaProjects\kylinnewtask\target\classes\db\migration\V1.0.7__Alter_kylin_id_String.sql)
Line       : 1
Statement  : alter table tb_kylin modify id String(16)

	at org.flywaydb.core.internal.command.DbMigrate.doMigrateGroup(DbMigrate.java:369)
	at org.flywaydb.core.internal.command.DbMigrate.access$200(DbMigrate.java:54)
	at org.flywaydb.core.internal.command.DbMigrate$3.call(DbMigrate.java:282)
	at org.flywaydb.core.internal.jdbc.TransactionTemplate.execute(TransactionTemplate.java:74)
	at org.flywaydb.core.internal.command.DbMigrate.applyMigrations(DbMigrate.java:279)
	at org.flywaydb.core.internal.command.DbMigrate.migrateGroup(DbMigrate.java:244)
	at org.flywaydb.core.internal.command.DbMigrate.access$100(DbMigrate.java:54)
	at org.flywaydb.core.internal.command.DbMigrate$2.call(DbMigrate.java:162)
	at org.flywaydb.core.internal.command.DbMigrate$2.call(DbMigrate.java:159)
	at org.flywaydb.core.internal.database.base.Connection$1.call(Connection.java:131)
	at org.flywaydb.core.internal.jdbc.TransactionTemplate.execute(TransactionTemplate.java:74)
	at org.flywaydb.core.internal.database.base.Connection.lock(Connection.java:127)
	at org.flywaydb.core.internal.schemahistory.JdbcTableSchemaHistory.lock(JdbcTableSchemaHistory.java:139)
	at org.flywaydb.core.internal.command.DbMigrate.migrateAll(DbMigrate.java:159)
	at org.flywaydb.core.internal.command.DbMigrate.migrate(DbMigrate.java:137)
	at org.flywaydb.core.Flyway$1.execute(Flyway.java:189)
	at org.flywaydb.core.Flyway$1.execute(Flyway.java:149)
	at org.flywaydb.core.Flyway.execute(Flyway.java:511)
	at org.flywaydb.core.Flyway.migrate(Flyway.java:149)
	at org.springframework.boot.autoconfigure.flyway.FlywayMigrationInitializer.afterPropertiesSet(FlywayMigrationInitializer.java:65)
	at org.springframework.beans.factory.support.AbstractAutowireCapableBeanFactory.invokeInitMethods(AbstractAutowireCapableBeanFactory.java:1855)
	at org.springframework.beans.factory.support.AbstractAutowireCapableBeanFactory.initializeBean(AbstractAutowireCapableBeanFactory.java:1792)
	... 31 common frames omitted
Caused by: org.flywaydb.core.internal.sqlscript.FlywaySqlScriptException: 
Migration V1.0.7__Alter_kylin_id_String.sql failed
--------------------------------------------------
SQL State  : 42001
Error Code : 42001
Message    : Syntax error in SQL statement "ALTER TABLE TB_KYLIN MODIFY[*] ID STRING(16)"; expected "., ADD, SET, RENAME, DROP, ALTER"; SQL statement:
alter table tb_kylin modify id String(16) [42001-200]
Location   : db/migration/V1.0.7__Alter_kylin_id_String.sql (C:\Users\anywhere\IdeaProjects\kylinnewtask\target\classes\db\migration\V1.0.7__Alter_kylin_id_String.sql)
Line       : 1
Statement  : alter table tb_kylin modify id String(16)

	at org.flywaydb.core.internal.sqlscript.DefaultSqlScriptExecutor.handleException(DefaultSqlScriptExecutor.java:274)
	at org.flywaydb.core.internal.sqlscript.DefaultSqlScriptExecutor.executeStatement(DefaultSqlScriptExecutor.java:220)
	at org.flywaydb.core.internal.sqlscript.DefaultSqlScriptExecutor.execute(DefaultSqlScriptExecutor.java:127)
	at org.flywaydb.core.internal.resolver.sql.SqlMigrationExecutor.execute(SqlMigrationExecutor.java:70)
	at org.flywaydb.core.internal.command.DbMigrate.doMigrateGroup(DbMigrate.java:366)
	... 52 common frames omitted
Caused by: org.h2.jdbc.JdbcSQLSyntaxErrorException: Syntax error in SQL statement "ALTER TABLE TB_KYLIN MODIFY[*] ID STRING(16)"; expected "., ADD, SET, RENAME, DROP, ALTER"; SQL statement:
alter table tb_kylin modify id String(16) [42001-200]
	at org.h2.message.DbException.getJdbcSQLException(DbException.java:453)
	at org.h2.engine.SessionRemote.done(SessionRemote.java:611)
	at org.h2.command.CommandRemote.prepare(CommandRemote.java:85)
	at org.h2.command.CommandRemote.<init>(CommandRemote.java:51)
	at org.h2.engine.SessionRemote.prepareCommand(SessionRemote.java:481)
	at org.h2.jdbc.JdbcConnection.prepareCommand(JdbcConnection.java:1235)
	at org.h2.jdbc.JdbcStatement.executeInternal(JdbcStatement.java:212)
	at org.h2.jdbc.JdbcStatement.execute(JdbcStatement.java:201)
	at com.zaxxer.hikari.pool.ProxyStatement.execute(ProxyStatement.java:95)
	at com.zaxxer.hikari.pool.HikariProxyStatement.execute(HikariProxyStatement.java)
	at org.flywaydb.core.internal.jdbc.JdbcTemplate.executeStatement(JdbcTemplate.java:244)
	at org.flywaydb.core.internal.sqlscript.ParsedSqlStatement.execute(ParsedSqlStatement.java:111)
	at org.flywaydb.core.internal.sqlscript.DefaultSqlScriptExecutor.executeStatement(DefaultSqlScriptExecutor.java:208)
	... 55 common frames omitted
2020-05-01 20:42:39.100 [main] ERROR org.springframework.boot.SpringApplication - Application run failed
org.springframework.beans.factory.UnsatisfiedDependencyException: Error creating bean with name 'scheduleManager': Unsatisfied dependency expressed through field 'scheduler'; nested exception is org.springframework.beans.factory.BeanCreationException: Error creating bean with name 'flywayInitializer' defined in class path resource [org/springframework/boot/autoconfigure/flyway/FlywayAutoConfiguration$FlywayConfiguration.class]: Invocation of init method failed; nested exception is org.flywaydb.core.api.FlywayException: Validate failed: 
Detected failed migration to version 1.0.7 (Alter kylin id String)

	at org.springframework.beans.factory.annotation.AutowiredAnnotationBeanPostProcessor$AutowiredFieldElement.inject(AutowiredAnnotationBeanPostProcessor.java:643)
	at org.springframework.beans.factory.annotation.InjectionMetadata.inject(InjectionMetadata.java:130)
	at org.springframework.beans.factory.annotation.AutowiredAnnotationBeanPostProcessor.postProcessProperties(AutowiredAnnotationBeanPostProcessor.java:399)
	at org.springframework.beans.factory.support.AbstractAutowireCapableBeanFactory.populateBean(AbstractAutowireCapableBeanFactory.java:1422)
	at org.springframework.beans.factory.support.AbstractAutowireCapableBeanFactory.doCreateBean(AbstractAutowireCapableBeanFactory.java:594)
	at org.springframework.beans.factory.support.AbstractAutowireCapableBeanFactory.createBean(AbstractAutowireCapableBeanFactory.java:517)
	at org.springframework.beans.factory.support.AbstractBeanFactory.lambda$doGetBean$0(AbstractBeanFactory.java:323)
	at org.springframework.beans.factory.support.DefaultSingletonBeanRegistry.getSingleton(DefaultSingletonBeanRegistry.java:222)
	at org.springframework.beans.factory.support.AbstractBeanFactory.doGetBean(AbstractBeanFactory.java:321)
	at org.springframework.beans.factory.support.AbstractBeanFactory.getBean(AbstractBeanFactory.java:202)
	at org.springframework.beans.factory.support.DefaultListableBeanFactory.preInstantiateSingletons(DefaultListableBeanFactory.java:882)
	at org.springframework.context.support.AbstractApplicationContext.finishBeanFactoryInitialization(AbstractApplicationContext.java:878)
	at org.springframework.context.support.AbstractApplicationContext.refresh(AbstractApplicationContext.java:550)
	at org.springframework.boot.web.servlet.context.ServletWebServerApplicationContext.refresh(ServletWebServerApplicationContext.java:141)
	at org.springframework.boot.SpringApplication.refresh(SpringApplication.java:747)
	at org.springframework.boot.SpringApplication.refreshContext(SpringApplication.java:397)
	at org.springframework.boot.SpringApplication.run(SpringApplication.java:315)
	at org.springframework.boot.SpringApplication.run(SpringApplication.java:1226)
	at org.springframework.boot.SpringApplication.run(SpringApplication.java:1215)
	at com.delta.kylintask.KylinTaskApplication.main(KylinTaskApplication.java:12)
Caused by: org.springframework.beans.factory.BeanCreationException: Error creating bean with name 'flywayInitializer' defined in class path resource [org/springframework/boot/autoconfigure/flyway/FlywayAutoConfiguration$FlywayConfiguration.class]: Invocation of init method failed; nested exception is org.flywaydb.core.api.FlywayException: Validate failed: 
Detected failed migration to version 1.0.7 (Alter kylin id String)

	at org.springframework.beans.factory.support.AbstractAutowireCapableBeanFactory.initializeBean(AbstractAutowireCapableBeanFactory.java:1796)
	at org.springframework.beans.factory.support.AbstractAutowireCapableBeanFactory.doCreateBean(AbstractAutowireCapableBeanFactory.java:595)
	at org.springframework.beans.factory.support.AbstractAutowireCapableBeanFactory.createBean(AbstractAutowireCapableBeanFactory.java:517)
	at org.springframework.beans.factory.support.AbstractBeanFactory.lambda$doGetBean$0(AbstractBeanFactory.java:323)
	at org.springframework.beans.factory.support.DefaultSingletonBeanRegistry.getSingleton(DefaultSingletonBeanRegistry.java:222)
	at org.springframework.beans.factory.support.AbstractBeanFactory.doGetBean(AbstractBeanFactory.java:321)
	at org.springframework.beans.factory.support.AbstractBeanFactory.getBean(AbstractBeanFactory.java:202)
	at org.springframework.beans.factory.support.AbstractBeanFactory.doGetBean(AbstractBeanFactory.java:310)
	at org.springframework.beans.factory.support.AbstractBeanFactory.getBean(AbstractBeanFactory.java:202)
	at org.springframework.beans.factory.config.DependencyDescriptor.resolveCandidate(DependencyDescriptor.java:276)
	at org.springframework.beans.factory.support.DefaultListableBeanFactory.doResolveDependency(DefaultListableBeanFactory.java:1290)
	at org.springframework.beans.factory.support.DefaultListableBeanFactory.resolveDependency(DefaultListableBeanFactory.java:1210)
	at org.springframework.beans.factory.annotation.AutowiredAnnotationBeanPostProcessor$AutowiredFieldElement.inject(AutowiredAnnotationBeanPostProcessor.java:640)
	... 19 common frames omitted
Caused by: org.flywaydb.core.api.FlywayException: Validate failed: 
Detected failed migration to version 1.0.7 (Alter kylin id String)

	at org.flywaydb.core.Flyway.doValidate(Flyway.java:275)
	at org.flywaydb.core.Flyway.access$100(Flyway.java:79)
	at org.flywaydb.core.Flyway$1.execute(Flyway.java:157)
	at org.flywaydb.core.Flyway$1.execute(Flyway.java:149)
	at org.flywaydb.core.Flyway.execute(Flyway.java:511)
	at org.flywaydb.core.Flyway.migrate(Flyway.java:149)
	at org.springframework.boot.autoconfigure.flyway.FlywayMigrationInitializer.afterPropertiesSet(FlywayMigrationInitializer.java:65)
	at org.springframework.beans.factory.support.AbstractAutowireCapableBeanFactory.invokeInitMethods(AbstractAutowireCapableBeanFactory.java:1855)
	at org.springframework.beans.factory.support.AbstractAutowireCapableBeanFactory.initializeBean(AbstractAutowireCapableBeanFactory.java:1792)
	... 31 common frames omitted
2020-05-01 20:43:25.182 [main] ERROR org.flywaydb.core.internal.command.DbMigrate - Migration of schema "PUBLIC" to version 1.0.7 - Alter kylin id String failed! Please restore backups and roll back database and code!
2020-05-01 20:43:25.257 [main] ERROR org.springframework.boot.SpringApplication - Application run failed
org.springframework.beans.factory.UnsatisfiedDependencyException: Error creating bean with name 'scheduleManager': Unsatisfied dependency expressed through field 'scheduler'; nested exception is org.springframework.beans.factory.BeanCreationException: Error creating bean with name 'flywayInitializer' defined in class path resource [org/springframework/boot/autoconfigure/flyway/FlywayAutoConfiguration$FlywayConfiguration.class]: Invocation of init method failed; nested exception is org.flywaydb.core.internal.command.DbMigrate$FlywayMigrateException: 
Migration V1.0.7__Alter_kylin_id_String.sql failed
--------------------------------------------------
SQL State  : HY004
Error Code : 50004
Message    : Unknown data type: "DATATYPE"; SQL statement:
ALTER TABLE tb_kylin ALTER COLUMN id datatype TO varchar(16) [50004-200]
Location   : db/migration/V1.0.7__Alter_kylin_id_String.sql (C:\Users\anywhere\IdeaProjects\kylinnewtask\target\classes\db\migration\V1.0.7__Alter_kylin_id_String.sql)
Line       : 1
Statement  : ALTER TABLE tb_kylin ALTER COLUMN id datatype TO varchar(16)

	at org.springframework.beans.factory.annotation.AutowiredAnnotationBeanPostProcessor$AutowiredFieldElement.inject(AutowiredAnnotationBeanPostProcessor.java:643)
	at org.springframework.beans.factory.annotation.InjectionMetadata.inject(InjectionMetadata.java:130)
	at org.springframework.beans.factory.annotation.AutowiredAnnotationBeanPostProcessor.postProcessProperties(AutowiredAnnotationBeanPostProcessor.java:399)
	at org.springframework.beans.factory.support.AbstractAutowireCapableBeanFactory.populateBean(AbstractAutowireCapableBeanFactory.java:1422)
	at org.springframework.beans.factory.support.AbstractAutowireCapableBeanFactory.doCreateBean(AbstractAutowireCapableBeanFactory.java:594)
	at org.springframework.beans.factory.support.AbstractAutowireCapableBeanFactory.createBean(AbstractAutowireCapableBeanFactory.java:517)
	at org.springframework.beans.factory.support.AbstractBeanFactory.lambda$doGetBean$0(AbstractBeanFactory.java:323)
	at org.springframework.beans.factory.support.DefaultSingletonBeanRegistry.getSingleton(DefaultSingletonBeanRegistry.java:222)
	at org.springframework.beans.factory.support.AbstractBeanFactory.doGetBean(AbstractBeanFactory.java:321)
	at org.springframework.beans.factory.support.AbstractBeanFactory.getBean(AbstractBeanFactory.java:202)
	at org.springframework.beans.factory.support.DefaultListableBeanFactory.preInstantiateSingletons(DefaultListableBeanFactory.java:882)
	at org.springframework.context.support.AbstractApplicationContext.finishBeanFactoryInitialization(AbstractApplicationContext.java:878)
	at org.springframework.context.support.AbstractApplicationContext.refresh(AbstractApplicationContext.java:550)
	at org.springframework.boot.web.servlet.context.ServletWebServerApplicationContext.refresh(ServletWebServerApplicationContext.java:141)
	at org.springframework.boot.SpringApplication.refresh(SpringApplication.java:747)
	at org.springframework.boot.SpringApplication.refreshContext(SpringApplication.java:397)
	at org.springframework.boot.SpringApplication.run(SpringApplication.java:315)
	at org.springframework.boot.SpringApplication.run(SpringApplication.java:1226)
	at org.springframework.boot.SpringApplication.run(SpringApplication.java:1215)
	at com.delta.kylintask.KylinTaskApplication.main(KylinTaskApplication.java:12)
Caused by: org.springframework.beans.factory.BeanCreationException: Error creating bean with name 'flywayInitializer' defined in class path resource [org/springframework/boot/autoconfigure/flyway/FlywayAutoConfiguration$FlywayConfiguration.class]: Invocation of init method failed; nested exception is org.flywaydb.core.internal.command.DbMigrate$FlywayMigrateException: 
Migration V1.0.7__Alter_kylin_id_String.sql failed
--------------------------------------------------
SQL State  : HY004
Error Code : 50004
Message    : Unknown data type: "DATATYPE"; SQL statement:
ALTER TABLE tb_kylin ALTER COLUMN id datatype TO varchar(16) [50004-200]
Location   : db/migration/V1.0.7__Alter_kylin_id_String.sql (C:\Users\anywhere\IdeaProjects\kylinnewtask\target\classes\db\migration\V1.0.7__Alter_kylin_id_String.sql)
Line       : 1
Statement  : ALTER TABLE tb_kylin ALTER COLUMN id datatype TO varchar(16)

	at org.springframework.beans.factory.support.AbstractAutowireCapableBeanFactory.initializeBean(AbstractAutowireCapableBeanFactory.java:1796)
	at org.springframework.beans.factory.support.AbstractAutowireCapableBeanFactory.doCreateBean(AbstractAutowireCapableBeanFactory.java:595)
	at org.springframework.beans.factory.support.AbstractAutowireCapableBeanFactory.createBean(AbstractAutowireCapableBeanFactory.java:517)
	at org.springframework.beans.factory.support.AbstractBeanFactory.lambda$doGetBean$0(AbstractBeanFactory.java:323)
	at org.springframework.beans.factory.support.DefaultSingletonBeanRegistry.getSingleton(DefaultSingletonBeanRegistry.java:222)
	at org.springframework.beans.factory.support.AbstractBeanFactory.doGetBean(AbstractBeanFactory.java:321)
	at org.springframework.beans.factory.support.AbstractBeanFactory.getBean(AbstractBeanFactory.java:202)
	at org.springframework.beans.factory.support.AbstractBeanFactory.doGetBean(AbstractBeanFactory.java:310)
	at org.springframework.beans.factory.support.AbstractBeanFactory.getBean(AbstractBeanFactory.java:202)
	at org.springframework.beans.factory.config.DependencyDescriptor.resolveCandidate(DependencyDescriptor.java:276)
	at org.springframework.beans.factory.support.DefaultListableBeanFactory.doResolveDependency(DefaultListableBeanFactory.java:1290)
	at org.springframework.beans.factory.support.DefaultListableBeanFactory.resolveDependency(DefaultListableBeanFactory.java:1210)
	at org.springframework.beans.factory.annotation.AutowiredAnnotationBeanPostProcessor$AutowiredFieldElement.inject(AutowiredAnnotationBeanPostProcessor.java:640)
	... 19 common frames omitted
Caused by: org.flywaydb.core.internal.command.DbMigrate$FlywayMigrateException: 
Migration V1.0.7__Alter_kylin_id_String.sql failed
--------------------------------------------------
SQL State  : HY004
Error Code : 50004
Message    : Unknown data type: "DATATYPE"; SQL statement:
ALTER TABLE tb_kylin ALTER COLUMN id datatype TO varchar(16) [50004-200]
Location   : db/migration/V1.0.7__Alter_kylin_id_String.sql (C:\Users\anywhere\IdeaProjects\kylinnewtask\target\classes\db\migration\V1.0.7__Alter_kylin_id_String.sql)
Line       : 1
Statement  : ALTER TABLE tb_kylin ALTER COLUMN id datatype TO varchar(16)

	at org.flywaydb.core.internal.command.DbMigrate.doMigrateGroup(DbMigrate.java:369)
	at org.flywaydb.core.internal.command.DbMigrate.access$200(DbMigrate.java:54)
	at org.flywaydb.core.internal.command.DbMigrate$3.call(DbMigrate.java:282)
	at org.flywaydb.core.internal.jdbc.TransactionTemplate.execute(TransactionTemplate.java:74)
	at org.flywaydb.core.internal.command.DbMigrate.applyMigrations(DbMigrate.java:279)
	at org.flywaydb.core.internal.command.DbMigrate.migrateGroup(DbMigrate.java:244)
	at org.flywaydb.core.internal.command.DbMigrate.access$100(DbMigrate.java:54)
	at org.flywaydb.core.internal.command.DbMigrate$2.call(DbMigrate.java:162)
	at org.flywaydb.core.internal.command.DbMigrate$2.call(DbMigrate.java:159)
	at org.flywaydb.core.internal.database.base.Connection$1.call(Connection.java:131)
	at org.flywaydb.core.internal.jdbc.TransactionTemplate.execute(TransactionTemplate.java:74)
	at org.flywaydb.core.internal.database.base.Connection.lock(Connection.java:127)
	at org.flywaydb.core.internal.schemahistory.JdbcTableSchemaHistory.lock(JdbcTableSchemaHistory.java:139)
	at org.flywaydb.core.internal.command.DbMigrate.migrateAll(DbMigrate.java:159)
	at org.flywaydb.core.internal.command.DbMigrate.migrate(DbMigrate.java:137)
	at org.flywaydb.core.Flyway$1.execute(Flyway.java:189)
	at org.flywaydb.core.Flyway$1.execute(Flyway.java:149)
	at org.flywaydb.core.Flyway.execute(Flyway.java:511)
	at org.flywaydb.core.Flyway.migrate(Flyway.java:149)
	at org.springframework.boot.autoconfigure.flyway.FlywayMigrationInitializer.afterPropertiesSet(FlywayMigrationInitializer.java:65)
	at org.springframework.beans.factory.support.AbstractAutowireCapableBeanFactory.invokeInitMethods(AbstractAutowireCapableBeanFactory.java:1855)
	at org.springframework.beans.factory.support.AbstractAutowireCapableBeanFactory.initializeBean(AbstractAutowireCapableBeanFactory.java:1792)
	... 31 common frames omitted
Caused by: org.flywaydb.core.internal.sqlscript.FlywaySqlScriptException: 
Migration V1.0.7__Alter_kylin_id_String.sql failed
--------------------------------------------------
SQL State  : HY004
Error Code : 50004
Message    : Unknown data type: "DATATYPE"; SQL statement:
ALTER TABLE tb_kylin ALTER COLUMN id datatype TO varchar(16) [50004-200]
Location   : db/migration/V1.0.7__Alter_kylin_id_String.sql (C:\Users\anywhere\IdeaProjects\kylinnewtask\target\classes\db\migration\V1.0.7__Alter_kylin_id_String.sql)
Line       : 1
Statement  : ALTER TABLE tb_kylin ALTER COLUMN id datatype TO varchar(16)

	at org.flywaydb.core.internal.sqlscript.DefaultSqlScriptExecutor.handleException(DefaultSqlScriptExecutor.java:274)
	at org.flywaydb.core.internal.sqlscript.DefaultSqlScriptExecutor.executeStatement(DefaultSqlScriptExecutor.java:220)
	at org.flywaydb.core.internal.sqlscript.DefaultSqlScriptExecutor.execute(DefaultSqlScriptExecutor.java:127)
	at org.flywaydb.core.internal.resolver.sql.SqlMigrationExecutor.execute(SqlMigrationExecutor.java:70)
	at org.flywaydb.core.internal.command.DbMigrate.doMigrateGroup(DbMigrate.java:366)
	... 52 common frames omitted
Caused by: org.h2.jdbc.JdbcSQLNonTransientException: Unknown data type: "DATATYPE"; SQL statement:
ALTER TABLE tb_kylin ALTER COLUMN id datatype TO varchar(16) [50004-200]
	at org.h2.message.DbException.getJdbcSQLException(DbException.java:505)
	at org.h2.engine.SessionRemote.done(SessionRemote.java:611)
	at org.h2.command.CommandRemote.prepare(CommandRemote.java:85)
	at org.h2.command.CommandRemote.<init>(CommandRemote.java:51)
	at org.h2.engine.SessionRemote.prepareCommand(SessionRemote.java:481)
	at org.h2.jdbc.JdbcConnection.prepareCommand(JdbcConnection.java:1235)
	at org.h2.jdbc.JdbcStatement.executeInternal(JdbcStatement.java:212)
	at org.h2.jdbc.JdbcStatement.execute(JdbcStatement.java:201)
	at com.zaxxer.hikari.pool.ProxyStatement.execute(ProxyStatement.java:95)
	at com.zaxxer.hikari.pool.HikariProxyStatement.execute(HikariProxyStatement.java)
	at org.flywaydb.core.internal.jdbc.JdbcTemplate.executeStatement(JdbcTemplate.java:244)
	at org.flywaydb.core.internal.sqlscript.ParsedSqlStatement.execute(ParsedSqlStatement.java:111)
	at org.flywaydb.core.internal.sqlscript.DefaultSqlScriptExecutor.executeStatement(DefaultSqlScriptExecutor.java:208)
	... 55 common frames omitted
